# JRE version: OpenJDK Runtime Environment Corretto-18.0.2.9.1 (18.0.2+9) (build 18.0.2+9-FR)
# Java VM: OpenJDK 64-Bit Server VM Corretto-18.0.2.9.1 (18.0.2+9-FR, mixed mode, sharing, tiered, compressed oops, compressed class ptrs, g1 gc, windows-amd64)
GC Precious Log:
 CardTable entry size: 512
 Card Set container configuration: InlinePtr #cards 4 size 8 Array Of Cards #cards 16 size 48 Howl #buckets 8 coarsen threshold 3686 Howl Bitmap #cards 512 size 80 coarsen threshold 460 Card regions per heap region 1 cards per card region 4096
 CPUs: 4 total, 4 available
 Memory: 4017M
 Large Page Support: Disabled
 NUMA Support: Disabled
 Compressed Oops: Enabled (Zero based)
 Heap Region Size: 2M
 Heap Min Capacity: 8M
 Heap Initial Capacity: 64M
 Heap Max Capacity: 3G
 Pre-touch: Disabled
 Parallel Workers: 4
 Concurrent Workers: 1
 Concurrent Refinement Workers: 4
 Periodic GC: Disabled
Heap:
 garbage-first heap   total 141312K, used 59567K [0x0000000740000000, 0x0000000800000000)
  region size 2048K, 2 young (4096K), 2 survivors (4096K)
 Metaspace       used 68410K, committed 70208K, reserved 1114112K
  class space    used 9240K, committed 10176K, reserved 1048576K
GC Heap History (20 events):
Event: 73.889 GC heap after
{Heap after GC invocations=46 (full 0):
 garbage-first heap   total 120832K, used 58260K [0x0000000740000000, 0x0000000800000000)
  region size 2048K, 2 young (4096K), 2 survivors (4096K)
 Metaspace       used 66431K, committed 68224K, reserved 1114112K
  class space    used 9130K, committed 10048K, reserved 1048576K
}
Event: 97.458 GC heap before
{Heap before GC invocations=47 (full 0):
 garbage-first heap   total 120832K, used 82836K [0x0000000740000000, 0x0000000800000000)
  region size 2048K, 10 young (20480K), 2 survivors (4096K)
 Metaspace       used 66948K, committed 68672K, reserved 1114112K
  class space    used 9161K, committed 10048K, reserved 1048576K
}
Event: 97.469 GC heap after
{Heap after GC invocations=48 (full 0):
 garbage-first heap   total 120832K, used 58749K [0x0000000740000000, 0x0000000800000000)
  region size 2048K, 2 young (4096K), 2 survivors (4096K)
 Metaspace       used 66948K, committed 68672K, reserved 1114112K
  class space    used 9161K, committed 10048K, reserved 1048576K
}
Event: 98.814 GC heap before
{Heap before GC invocations=49 (full 0):
 garbage-first heap   total 120832K, used 66941K [0x0000000740000000, 0x0000000800000000)
  region size 2048K, 5 young (10240K), 2 survivors (4096K)
 Metaspace       used 67071K, committed 68800K, reserved 1114112K
  class space    used 9169K, committed 10048K, reserved 1048576K
}
Event: 98.824 GC heap after
{Heap after GC invocations=50 (full 0):
 garbage-first heap   total 120832K, used 58801K [0x0000000740000000, 0x0000000800000000)
  region size 2048K, 2 young (4096K), 2 survivors (4096K)
 Metaspace       used 67071K, committed 68800K, reserved 1114112K
  class space    used 9169K, committed 10048K, reserved 1048576K
}
Event: 341.262 GC heap before
{Heap before GC invocations=51 (full 0):
 garbage-first heap   total 141312K, used 116145K [0x0000000740000000, 0x0000000800000000)
  region size 2048K, 21 young (43008K), 2 survivors (4096K)
 Metaspace       used 67838K, committed 69632K, reserved 1114112K
  class space    used 9183K, committed 10112K, reserved 1048576K
}
Event: 341.352 GC heap after
{Heap after GC invocations=52 (full 0):
 garbage-first heap   total 141312K, used 59553K [0x0000000740000000, 0x0000000800000000)
  region size 2048K, 2 young (4096K), 2 survivors (4096K)
 Metaspace       used 67838K, committed 69632K, reserved 1114112K
  class space    used 9183K, committed 10112K, reserved 1048576K
}
Event: 343.230 GC heap before
{Heap before GC invocations=52 (full 0):
 garbage-first heap   total 141312K, used 86177K [0x0000000740000000, 0x0000000800000000)
  region size 2048K, 6 young (12288K), 2 survivors (4096K)
 Metaspace       used 67899K, committed 69632K, reserved 1114112K
  class space    used 9183K, committed 10112K, reserved 1048576K
}
Event: 343.242 GC heap after
{Heap after GC invocations=53 (full 0):
 garbage-first heap   total 141312K, used 59679K [0x0000000740000000, 0x0000000800000000)
  region size 2048K, 2 young (4096K), 2 survivors (4096K)
 Metaspace       used 67899K, committed 69632K, reserved 1114112K
  class space    used 9183K, committed 10112K, reserved 1048576K
}
Event: 343.254 GC heap before
{Heap before GC invocations=53 (full 0):
 garbage-first heap   total 141312K, used 61727K [0x0000000740000000, 0x0000000800000000)
  region size 2048K, 3 young (6144K), 2 survivors (4096K)
 Metaspace       used 67899K, committed 69632K, reserved 1114112K
  class space    used 9183K, committed 10112K, reserved 1048576K
}
Event: 343.263 GC heap after
{Heap after GC invocations=54 (full 0):
 garbage-first heap   total 141312K, used 59475K [0x0000000740000000, 0x0000000800000000)
  region size 2048K, 2 young (4096K), 2 survivors (4096K)
 Metaspace       used 67899K, committed 69632K, reserved 1114112K
  class space    used 9183K, committed 10112K, reserved 1048576K
}
Event: 343.740 GC heap before
{Heap before GC invocations=54 (full 0):
 garbage-first heap   total 141312K, used 79955K [0x0000000740000000, 0x0000000800000000)
  region size 2048K, 3 young (6144K), 2 survivors (4096K)
 Metaspace       used 67903K, committed 69696K, reserved 1114112K
  class space    used 9183K, committed 10112K, reserved 1048576K
}
Event: 343.755 GC heap after
{Heap after GC invocations=55 (full 0):
 garbage-first heap   total 141312K, used 59407K [0x0000000740000000, 0x0000000800000000)
  region size 2048K, 2 young (4096K), 2 survivors (4096K)
 Metaspace       used 67903K, committed 69696K, reserved 1114112K
  class space    used 9183K, committed 10112K, reserved 1048576K
}
Event: 354.167 GC heap before
{Heap before GC invocations=55 (full 0):
 garbage-first heap   total 141312K, used 88079K [0x0000000740000000, 0x0000000800000000)
  region size 2048K, 14 young (28672K), 2 survivors (4096K)
 Metaspace       used 68407K, committed 70208K, reserved 1114112K
  class space    used 9240K, committed 10176K, reserved 1048576K
}
Event: 354.180 GC heap after
{Heap after GC invocations=56 (full 0):
 garbage-first heap   total 141312K, used 60001K [0x0000000740000000, 0x0000000800000000)
  region size 2048K, 2 young (4096K), 2 survivors (4096K)
 Metaspace       used 68407K, committed 70208K, reserved 1114112K
  class space    used 9240K, committed 10176K, reserved 1048576K
}
Event: 354.238 GC heap before
{Heap before GC invocations=56 (full 0):
 garbage-first heap   total 141312K, used 66145K [0x0000000740000000, 0x0000000800000000)
  region size 2048K, 3 young (6144K), 2 survivors (4096K)
 Metaspace       used 68410K, committed 70208K, reserved 1114112K
  class space    used 9240K, committed 10176K, reserved 1048576K
}
Event: 354.245 GC heap after
{Heap after GC invocations=57 (full 0):
 garbage-first heap   total 141312K, used 59828K [0x0000000740000000, 0x0000000800000000)
  region size 2048K, 2 young (4096K), 2 survivors (4096K)
 Metaspace       used 68410K, committed 70208K, reserved 1114112K
  class space    used 9240K, committed 10176K, reserved 1048576K
}
Event: 354.286 GC heap before
{Heap before GC invocations=57 (full 0):
 garbage-first heap   total 141312K, used 63924K [0x0000000740000000, 0x0000000800000000)
  region size 2048K, 3 young (6144K), 2 survivors (4096K)
 Metaspace       used 68410K, committed 70208K, reserved 1114112K
  class space    used 9240K, committed 10176K, reserved 1048576K
}
Event: 354.294 GC heap after
{Heap after GC invocations=58 (full 0):
 garbage-first heap   total 141312K, used 59752K [0x0000000740000000, 0x0000000800000000)
  region size 2048K, 2 young (4096K), 2 survivors (4096K)
 Metaspace       used 68410K, committed 70208K, reserved 1114112K
  class space    used 9240K, committed 10176K, reserved 1048576K
}
Event: 354.378 GC heap before
{Heap before GC invocations=58 (full 0):
 garbage-first heap   total 141312K, used 67944K [0x0000000740000000, 0x0000000800000000)
  region size 2048K, 3 young (6144K), 2 survivors (4096K)
 Metaspace       used 68410K, committed 70208K, reserved 1114112K
  class space    used 9240K, committed 10176K, reserved 1048576K
}

