# JRE version: OpenJDK Runtime Environment Corretto-18.0.2.9.1 (18.0.2+9) (build 18.0.2+9-FR)
# Java VM: OpenJDK 64-Bit Server VM Corretto-18.0.2.9.1 (18.0.2+9-FR, mixed mode, sharing, tiered, compressed oops, compressed class ptrs, g1 gc, windows-amd64)
GC Precious Log:
 CardTable entry size: 512
 Card Set container configuration: InlinePtr #cards 4 size 8 Array Of Cards #cards 16 size 48 Howl #buckets 8 coarsen threshold 3686 Howl Bitmap #cards 512 size 80 coarsen threshold 460 Card regions per heap region 1 cards per card region 4096
 CPUs: 4 total, 4 available
 Memory: 4017M
 Large Page Support: Disabled
 NUMA Support: Disabled
 Compressed Oops: Enabled (Zero based)
 Heap Region Size: 2M
 Heap Min Capacity: 8M
 Heap Initial Capacity: 64M
 Heap Max Capacity: 3G
 Pre-touch: Disabled
 Parallel Workers: 4
 Concurrent Workers: 1
 Concurrent Refinement Workers: 4
 Periodic GC: Disabled
Heap:
 garbage-first heap   total 694272K, used 421888K [0x0000000740000000, 0x0000000800000000)
  region size 2048K, 8 young (16384K), 8 survivors (16384K)
 Metaspace       used 85326K, committed 87360K, reserved 1179648K
  class space    used 11558K, committed 12608K, reserved 1048576K
GC Heap History (20 events):
Event: 175.825 GC heap after
{Heap after GC invocations=111 (full 0):
 garbage-first heap   total 268288K, used 194560K [0x0000000740000000, 0x0000000800000000)
  region size 2048K, 4 young (8192K), 4 survivors (8192K)
 Metaspace       used 85149K, committed 87168K, reserved 1179648K
  class space    used 11539K, committed 12608K, reserved 1048576K
}
Event: 175.902 GC heap before
{Heap before GC invocations=111 (full 0):
 garbage-first heap   total 268288K, used 212992K [0x0000000740000000, 0x0000000800000000)
  region size 2048K, 13 young (26624K), 4 survivors (8192K)
 Metaspace       used 85243K, committed 87296K, reserved 1179648K
  class space    used 11551K, committed 12608K, reserved 1048576K
}
Event: 175.936 GC heap after
{Heap after GC invocations=112 (full 0):
 garbage-first heap   total 268288K, used 207872K [0x0000000740000000, 0x0000000800000000)
  region size 2048K, 2 young (4096K), 2 survivors (4096K)
 Metaspace       used 85243K, committed 87296K, reserved 1179648K
  class space    used 11551K, committed 12608K, reserved 1048576K
}
Event: 176.098 GC heap before
{Heap before GC invocations=112 (full 0):
 garbage-first heap   total 268288K, used 220160K [0x0000000740000000, 0x0000000800000000)
  region size 2048K, 8 young (16384K), 2 survivors (4096K)
 Metaspace       used 85250K, committed 87296K, reserved 1179648K
  class space    used 11552K, committed 12608K, reserved 1048576K
}
Event: 176.140 GC heap after
{Heap after GC invocations=113 (full 0):
 garbage-first heap   total 268288K, used 218998K [0x0000000740000000, 0x0000000800000000)
  region size 2048K, 1 young (2048K), 1 survivors (2048K)
 Metaspace       used 85250K, committed 87296K, reserved 1179648K
  class space    used 11552K, committed 12608K, reserved 1048576K
}
Event: 176.273 GC heap before
{Heap before GC invocations=113 (full 0):
 garbage-first heap   total 268288K, used 229238K [0x0000000740000000, 0x0000000800000000)
  region size 2048K, 6 young (12288K), 1 survivors (2048K)
 Metaspace       used 85250K, committed 87296K, reserved 1179648K
  class space    used 11552K, committed 12608K, reserved 1048576K
}
Event: 176.296 GC heap after
{Heap after GC invocations=114 (full 0):
 garbage-first heap   total 694272K, used 227194K [0x0000000740000000, 0x0000000800000000)
  region size 2048K, 1 young (2048K), 1 survivors (2048K)
 Metaspace       used 85250K, committed 87296K, reserved 1179648K
  class space    used 11552K, committed 12608K, reserved 1048576K
}
Event: 180.081 GC heap before
{Heap before GC invocations=115 (full 0):
 garbage-first heap   total 694272K, used 427898K [0x0000000740000000, 0x0000000800000000)
  region size 2048K, 100 young (204800K), 1 survivors (2048K)
 Metaspace       used 85257K, committed 87296K, reserved 1179648K
  class space    used 11552K, committed 12608K, reserved 1048576K
}
Event: 180.373 GC heap after
{Heap after GC invocations=116 (full 0):
 garbage-first heap   total 694272K, used 287948K [0x0000000740000000, 0x0000000800000000)
  region size 2048K, 13 young (26624K), 13 survivors (26624K)
 Metaspace       used 85257K, committed 87296K, reserved 1179648K
  class space    used 11552K, committed 12608K, reserved 1048576K
}
Event: 181.233 GC heap before
{Heap before GC invocations=116 (full 0):
 garbage-first heap   total 694272K, used 337100K [0x0000000740000000, 0x0000000800000000)
  region size 2048K, 37 young (75776K), 13 survivors (26624K)
 Metaspace       used 85257K, committed 87296K, reserved 1179648K
  class space    used 11552K, committed 12608K, reserved 1048576K
}
Event: 181.341 GC heap after
{Heap after GC invocations=117 (full 0):
 garbage-first heap   total 694272K, used 301056K [0x0000000740000000, 0x0000000800000000)
  region size 2048K, 5 young (10240K), 5 survivors (10240K)
 Metaspace       used 85257K, committed 87296K, reserved 1179648K
  class space    used 11552K, committed 12608K, reserved 1048576K
}
Event: 187.506 GC heap before
{Heap before GC invocations=117 (full 0):
 garbage-first heap   total 694272K, used 436224K [0x0000000740000000, 0x0000000800000000)
  region size 2048K, 71 young (145408K), 5 survivors (10240K)
 Metaspace       used 85299K, committed 87296K, reserved 1179648K
  class space    used 11559K, committed 12608K, reserved 1048576K
}
Event: 187.720 GC heap after
{Heap after GC invocations=118 (full 0):
 garbage-first heap   total 694272K, used 355328K [0x0000000740000000, 0x0000000800000000)
  region size 2048K, 9 young (18432K), 9 survivors (18432K)
 Metaspace       used 85299K, committed 87296K, reserved 1179648K
  class space    used 11559K, committed 12608K, reserved 1048576K
}
Event: 188.205 GC heap before
{Heap before GC invocations=118 (full 0):
 garbage-first heap   total 694272K, used 369664K [0x0000000740000000, 0x0000000800000000)
  region size 2048K, 16 young (32768K), 9 survivors (18432K)
 Metaspace       used 85299K, committed 87296K, reserved 1179648K
  class space    used 11559K, committed 12608K, reserved 1048576K
}
Event: 188.355 GC heap after
{Heap after GC invocations=119 (full 0):
 garbage-first heap   total 694272K, used 367616K [0x0000000740000000, 0x0000000800000000)
  region size 2048K, 2 young (4096K), 2 survivors (4096K)
 Metaspace       used 85299K, committed 87296K, reserved 1179648K
  class space    used 11559K, committed 12608K, reserved 1048576K
}
Event: 193.369 GC heap before
{Heap before GC invocations=120 (full 0):
 garbage-first heap   total 694272K, used 465920K [0x0000000740000000, 0x0000000800000000)
  region size 2048K, 56 young (114688K), 2 survivors (4096K)
 Metaspace       used 85292K, committed 87360K, reserved 1179648K
  class space    used 11555K, committed 12608K, reserved 1048576K
}
Event: 193.413 GC heap after
{Heap after GC invocations=121 (full 0):
 garbage-first heap   total 694272K, used 377856K [0x0000000740000000, 0x0000000800000000)
  region size 2048K, 7 young (14336K), 7 survivors (14336K)
 Metaspace       used 85292K, committed 87360K, reserved 1179648K
  class space    used 11555K, committed 12608K, reserved 1048576K
}
Event: 194.244 GC heap before
{Heap before GC invocations=121 (full 0):
 garbage-first heap   total 694272K, used 394240K [0x0000000740000000, 0x0000000800000000)
  region size 2048K, 16 young (32768K), 7 survivors (14336K)
 Metaspace       used 85326K, committed 87360K, reserved 1179648K
  class space    used 11558K, committed 12608K, reserved 1048576K
}
Event: 194.361 GC heap after
{Heap after GC invocations=122 (full 0):
 garbage-first heap   total 694272K, used 349524K [0x0000000740000000, 0x0000000800000000)
  region size 2048K, 2 young (4096K), 2 survivors (4096K)
 Metaspace       used 85326K, committed 87360K, reserved 1179648K
  class space    used 11558K, committed 12608K, reserved 1048576K
}
Event: 195.849 GC heap before
{Heap before GC invocations=122 (full 0):
 garbage-first heap   total 694272K, used 464212K [0x0000000740000000, 0x0000000800000000)
  region size 2048K, 59 young (120832K), 2 survivors (4096K)
 Metaspace       used 85326K, committed 87360K, reserved 1179648K
  class space    used 11558K, committed 12608K, reserved 1048576K
}

