# JRE version: OpenJDK Runtime Environment Corretto-18.0.2.9.1 (18.0.2+9) (build 18.0.2+9-FR)
# Java VM: OpenJDK 64-Bit Server VM Corretto-18.0.2.9.1 (18.0.2+9-FR, mixed mode, sharing, tiered, compressed oops, compressed class ptrs, g1 gc, windows-amd64)
GC Precious Log:
 CardTable entry size: 512
 Card Set container configuration: InlinePtr #cards 4 size 8 Array Of Cards #cards 16 size 48 Howl #buckets 8 coarsen threshold 3686 Howl Bitmap #cards 512 size 80 coarsen threshold 460 Card regions per heap region 1 cards per card region 4096
 CPUs: 4 total, 4 available
 Memory: 4017M
 Large Page Support: Disabled
 NUMA Support: Disabled
 Compressed Oops: Enabled (Zero based)
 Heap Region Size: 2M
 Heap Min Capacity: 8M
 Heap Initial Capacity: 64M
 Heap Max Capacity: 3G
 Pre-touch: Disabled
 Parallel Workers: 4
 Concurrent Workers: 1
 Concurrent Refinement Workers: 4
 Periodic GC: Disabled
Heap:
 garbage-first heap   total 378880K, used 193536K [0x0000000740000000, 0x0000000800000000)
  region size 2048K, 6 young (12288K), 6 survivors (12288K)
 Metaspace       used 63844K, committed 65600K, reserved 1114112K
  class space    used 8793K, committed 9728K, reserved 1048576K
GC Heap History (20 events):
Event: 56.168 GC heap after
{Heap after GC invocations=29 (full 0):
 garbage-first heap   total 124928K, used 50391K [0x0000000740000000, 0x0000000800000000)
  region size 2048K, 2 young (4096K), 2 survivors (4096K)
 Metaspace       used 59824K, committed 61632K, reserved 1114112K
  class space    used 8223K, committed 9152K, reserved 1048576K
}
Event: 57.342 GC heap before
{Heap before GC invocations=29 (full 0):
 garbage-first heap   total 124928K, used 81111K [0x0000000740000000, 0x0000000800000000)
  region size 2048K, 9 young (18432K), 2 survivors (4096K)
 Metaspace       used 60150K, committed 61888K, reserved 1114112K
  class space    used 8243K, committed 9152K, reserved 1048576K
}
Event: 57.349 GC heap after
{Heap after GC invocations=30 (full 0):
 garbage-first heap   total 151552K, used 51224K [0x0000000740000000, 0x0000000800000000)
  region size 2048K, 2 young (4096K), 2 survivors (4096K)
 Metaspace       used 60150K, committed 61888K, reserved 1114112K
  class space    used 8243K, committed 9152K, reserved 1048576K
}
Event: 57.581 GC heap before
{Heap before GC invocations=30 (full 0):
 garbage-first heap   total 151552K, used 75800K [0x0000000740000000, 0x0000000800000000)
  region size 2048K, 5 young (10240K), 2 survivors (4096K)
 Metaspace       used 60166K, committed 61888K, reserved 1114112K
  class space    used 8243K, committed 9152K, reserved 1048576K
}
Event: 57.593 GC heap after
{Heap after GC invocations=31 (full 0):
 garbage-first heap   total 151552K, used 50927K [0x0000000740000000, 0x0000000800000000)
  region size 2048K, 2 young (4096K), 2 survivors (4096K)
 Metaspace       used 60166K, committed 61888K, reserved 1114112K
  class space    used 8243K, committed 9152K, reserved 1048576K
}
Event: 57.613 GC heap before
{Heap before GC invocations=31 (full 0):
 garbage-first heap   total 151552K, used 52975K [0x0000000740000000, 0x0000000800000000)
  region size 2048K, 3 young (6144K), 2 survivors (4096K)
 Metaspace       used 60166K, committed 61888K, reserved 1114112K
  class space    used 8243K, committed 9152K, reserved 1048576K
}
Event: 57.620 GC heap after
{Heap after GC invocations=32 (full 0):
 garbage-first heap   total 151552K, used 51109K [0x0000000740000000, 0x0000000800000000)
  region size 2048K, 2 young (4096K), 2 survivors (4096K)
 Metaspace       used 60166K, committed 61888K, reserved 1114112K
  class space    used 8243K, committed 9152K, reserved 1048576K
}
Event: 57.744 GC heap before
{Heap before GC invocations=32 (full 0):
 garbage-first heap   total 151552K, used 71589K [0x0000000740000000, 0x0000000800000000)
  region size 2048K, 3 young (6144K), 2 survivors (4096K)
 Metaspace       used 60166K, committed 61888K, reserved 1114112K
  class space    used 8243K, committed 9152K, reserved 1048576K
}
Event: 57.751 GC heap after
{Heap after GC invocations=33 (full 0):
 garbage-first heap   total 151552K, used 51122K [0x0000000740000000, 0x0000000800000000)
  region size 2048K, 2 young (4096K), 2 survivors (4096K)
 Metaspace       used 60166K, committed 61888K, reserved 1114112K
  class space    used 8243K, committed 9152K, reserved 1048576K
}
Event: 58.098 GC heap before
{Heap before GC invocations=33 (full 0):
 garbage-first heap   total 151552K, used 73650K [0x0000000740000000, 0x0000000800000000)
  region size 2048K, 5 young (10240K), 2 survivors (4096K)
 Metaspace       used 60472K, committed 62208K, reserved 1114112K
  class space    used 8286K, committed 9216K, reserved 1048576K
}
Event: 58.109 GC heap after
{Heap after GC invocations=34 (full 0):
 garbage-first heap   total 151552K, used 51288K [0x0000000740000000, 0x0000000800000000)
  region size 2048K, 2 young (4096K), 2 survivors (4096K)
 Metaspace       used 60472K, committed 62208K, reserved 1114112K
  class space    used 8286K, committed 9216K, reserved 1048576K
}
Event: 58.234 GC heap before
{Heap before GC invocations=34 (full 0):
 garbage-first heap   total 151552K, used 69720K [0x0000000740000000, 0x0000000800000000)
  region size 2048K, 3 young (6144K), 2 survivors (4096K)
 Metaspace       used 60472K, committed 62208K, reserved 1114112K
  class space    used 8286K, committed 9216K, reserved 1048576K
}
Event: 58.241 GC heap after
{Heap after GC invocations=35 (full 0):
 garbage-first heap   total 303104K, used 51513K [0x0000000740000000, 0x0000000800000000)
  region size 2048K, 2 young (4096K), 2 survivors (4096K)
 Metaspace       used 60472K, committed 62208K, reserved 1114112K
  class space    used 8286K, committed 9216K, reserved 1048576K
}
Event: 63.307 GC heap before
{Heap before GC invocations=35 (full 0):
 garbage-first heap   total 303104K, used 299321K [0x0000000740000000, 0x0000000800000000)
  region size 2048K, 88 young (180224K), 2 survivors (4096K)
 Metaspace       used 63795K, committed 65600K, reserved 1114112K
  class space    used 8787K, committed 9728K, reserved 1048576K
}
Event: 63.478 GC heap after
{Heap after GC invocations=36 (full 0):
 garbage-first heap   total 378880K, used 124319K [0x0000000740000000, 0x0000000800000000)
  region size 2048K, 11 young (22528K), 11 survivors (22528K)
 Metaspace       used 63795K, committed 65600K, reserved 1114112K
  class space    used 8787K, committed 9728K, reserved 1048576K
}
Event: 64.047 GC heap before
{Heap before GC invocations=36 (full 0):
 garbage-first heap   total 378880K, used 210335K [0x0000000740000000, 0x0000000800000000)
  region size 2048K, 53 young (108544K), 11 survivors (22528K)
 Metaspace       used 63821K, committed 65600K, reserved 1114112K
  class space    used 8790K, committed 9728K, reserved 1048576K
}
Event: 64.153 GC heap after
{Heap after GC invocations=37 (full 0):
 garbage-first heap   total 378880K, used 159744K [0x0000000740000000, 0x0000000800000000)
  region size 2048K, 7 young (14336K), 7 survivors (14336K)
 Metaspace       used 63821K, committed 65600K, reserved 1114112K
  class space    used 8790K, committed 9728K, reserved 1048576K
}
Event: 64.466 GC heap before
{Heap before GC invocations=37 (full 0):
 garbage-first heap   total 378880K, used 235520K [0x0000000740000000, 0x0000000800000000)
  region size 2048K, 44 young (90112K), 7 survivors (14336K)
 Metaspace       used 63844K, committed 65600K, reserved 1114112K
  class space    used 8793K, committed 9728K, reserved 1048576K
}
Event: 64.516 GC heap after
{Heap after GC invocations=38 (full 0):
 garbage-first heap   total 378880K, used 179200K [0x0000000740000000, 0x0000000800000000)
  region size 2048K, 6 young (12288K), 6 survivors (12288K)
 Metaspace       used 63844K, committed 65600K, reserved 1114112K
  class space    used 8793K, committed 9728K, reserved 1048576K
}
Event: 64.874 GC heap before
{Heap before GC invocations=38 (full 0):
 garbage-first heap   total 378880K, used 254976K [0x0000000740000000, 0x0000000800000000)
  region size 2048K, 43 young (88064K), 6 survivors (12288K)
 Metaspace       used 63844K, committed 65600K, reserved 1114112K
  class space    used 8793K, committed 9728K, reserved 1048576K
}

