# JRE version: OpenJDK Runtime Environment Corretto-18.0.2.9.1 (18.0.2+9) (build 18.0.2+9-FR)
# Java VM: OpenJDK 64-Bit Server VM Corretto-18.0.2.9.1 (18.0.2+9-FR, mixed mode, sharing, tiered, compressed oops, compressed class ptrs, g1 gc, windows-amd64)
GC Precious Log:
 CardTable entry size: 512
 Card Set container configuration: InlinePtr #cards 4 size 8 Array Of Cards #cards 16 size 48 Howl #buckets 8 coarsen threshold 3686 Howl Bitmap #cards 512 size 80 coarsen threshold 460 Card regions per heap region 1 cards per card region 4096
 CPUs: 4 total, 4 available
 Memory: 4017M
 Large Page Support: Disabled
 NUMA Support: Disabled
 Compressed Oops: Enabled (Zero based)
 Heap Region Size: 2M
 Heap Min Capacity: 8M
 Heap Initial Capacity: 64M
 Heap Max Capacity: 3G
 Pre-touch: Disabled
 Parallel Workers: 4
 Concurrent Workers: 1
 Concurrent Refinement Workers: 4
 Periodic GC: Disabled
Heap:
 garbage-first heap   total 983040K, used 502784K [0x0000000740000000, 0x0000000800000000)
  region size 2048K, 37 young (75776K), 13 survivors (26624K)
 Metaspace       used 66443K, committed 68352K, reserved 1114112K
  class space    used 9114K, committed 10112K, reserved 1048576K
GC Heap History (20 events):
Event: 88.846 GC heap before
{Heap before GC invocations=56 (full 0):
 garbage-first heap   total 344064K, used 340232K [0x0000000740000000, 0x0000000800000000)
  region size 2048K, 93 young (190464K), 3 survivors (6144K)
 Metaspace       used 64898K, committed 66816K, reserved 1114112K
  class space    used 8920K, committed 9920K, reserved 1048576K
}
Event: 88.870 GC heap after
{Heap after GC invocations=57 (full 0):
 garbage-first heap   total 352256K, used 82656K [0x0000000740000000, 0x0000000800000000)
  region size 2048K, 4 young (8192K), 4 survivors (8192K)
 Metaspace       used 64898K, committed 66816K, reserved 1114112K
  class space    used 8920K, committed 9920K, reserved 1048576K
}
Event: 111.098 GC heap before
{Heap before GC invocations=57 (full 0):
 garbage-first heap   total 352256K, used 320224K [0x0000000740000000, 0x0000000800000000)
  region size 2048K, 103 young (210944K), 4 survivors (8192K)
 Metaspace       used 65538K, committed 67392K, reserved 1114112K
  class space    used 8988K, committed 9984K, reserved 1048576K
}
Event: 111.233 GC heap after
{Heap after GC invocations=58 (full 0):
 garbage-first heap   total 413696K, used 171493K [0x0000000740000000, 0x0000000800000000)
  region size 2048K, 13 young (26624K), 13 survivors (26624K)
 Metaspace       used 65538K, committed 67392K, reserved 1114112K
  class space    used 8988K, committed 9984K, reserved 1048576K
}
Event: 111.797 GC heap before
{Heap before GC invocations=58 (full 0):
 garbage-first heap   total 413696K, used 280037K [0x0000000740000000, 0x0000000800000000)
  region size 2048K, 66 young (135168K), 13 survivors (26624K)
 Metaspace       used 65642K, committed 67520K, reserved 1114112K
  class space    used 9001K, committed 9984K, reserved 1048576K
}
Event: 111.914 GC heap after
{Heap after GC invocations=59 (full 0):
 garbage-first heap   total 413696K, used 225280K [0x0000000740000000, 0x0000000800000000)
  region size 2048K, 9 young (18432K), 9 survivors (18432K)
 Metaspace       used 65642K, committed 67520K, reserved 1114112K
  class space    used 9001K, committed 9984K, reserved 1048576K
}
Event: 112.136 GC heap before
{Heap before GC invocations=59 (full 0):
 garbage-first heap   total 413696K, used 299008K [0x0000000740000000, 0x0000000800000000)
  region size 2048K, 45 young (92160K), 9 survivors (18432K)
 Metaspace       used 65646K, committed 67520K, reserved 1114112K
  class space    used 9001K, committed 9984K, reserved 1048576K
}
Event: 112.205 GC heap after
{Heap after GC invocations=60 (full 0):
 garbage-first heap   total 413696K, used 242688K [0x0000000740000000, 0x0000000800000000)
  region size 2048K, 6 young (12288K), 6 survivors (12288K)
 Metaspace       used 65646K, committed 67520K, reserved 1114112K
  class space    used 9001K, committed 9984K, reserved 1048576K
}
Event: 112.351 GC heap before
{Heap before GC invocations=60 (full 0):
 garbage-first heap   total 413696K, used 310272K [0x0000000740000000, 0x0000000800000000)
  region size 2048K, 39 young (79872K), 6 survivors (12288K)
 Metaspace       used 65646K, committed 67520K, reserved 1114112K
  class space    used 9001K, committed 9984K, reserved 1048576K
}
Event: 112.378 GC heap after
{Heap after GC invocations=61 (full 0):
 garbage-first heap   total 413696K, used 260096K [0x0000000740000000, 0x0000000800000000)
  region size 2048K, 5 young (10240K), 5 survivors (10240K)
 Metaspace       used 65646K, committed 67520K, reserved 1114112K
  class space    used 9001K, committed 9984K, reserved 1048576K
}
Event: 112.520 GC heap before
{Heap before GC invocations=61 (full 0):
 garbage-first heap   total 413696K, used 321536K [0x0000000740000000, 0x0000000800000000)
  region size 2048K, 35 young (71680K), 5 survivors (10240K)
 Metaspace       used 65646K, committed 67520K, reserved 1114112K
  class space    used 9001K, committed 9984K, reserved 1048576K
}
Event: 112.559 GC heap after
{Heap after GC invocations=62 (full 0):
 garbage-first heap   total 413696K, used 279552K [0x0000000740000000, 0x0000000800000000)
  region size 2048K, 5 young (10240K), 5 survivors (10240K)
 Metaspace       used 65646K, committed 67520K, reserved 1114112K
  class space    used 9001K, committed 9984K, reserved 1048576K
}
Event: 113.066 GC heap before
{Heap before GC invocations=62 (full 0):
 garbage-first heap   total 413696K, used 328704K [0x0000000740000000, 0x0000000800000000)
  region size 2048K, 29 young (59392K), 5 survivors (10240K)
 Metaspace       used 65671K, committed 67520K, reserved 1114112K
  class space    used 9004K, committed 9984K, reserved 1048576K
}
Event: 113.126 GC heap after
{Heap after GC invocations=63 (full 0):
 garbage-first heap   total 983040K, used 304950K [0x0000000740000000, 0x0000000800000000)
  region size 2048K, 4 young (8192K), 4 survivors (8192K)
 Metaspace       used 65671K, committed 67520K, reserved 1114112K
  class space    used 9004K, committed 9984K, reserved 1048576K
}
Event: 114.592 GC heap before
{Heap before GC invocations=64 (full 0):
 garbage-first heap   total 983040K, used 577334K [0x0000000740000000, 0x0000000800000000)
  region size 2048K, 140 young (286720K), 4 survivors (8192K)
 Metaspace       used 65689K, committed 67520K, reserved 1114112K
  class space    used 9007K, committed 9984K, reserved 1048576K
}
Event: 114.791 GC heap after
{Heap after GC invocations=65 (full 0):
 garbage-first heap   total 983040K, used 387072K [0x0000000740000000, 0x0000000800000000)
  region size 2048K, 18 young (36864K), 18 survivors (36864K)
 Metaspace       used 65689K, committed 67520K, reserved 1114112K
  class space    used 9007K, committed 9984K, reserved 1048576K
}
Event: 114.892 GC heap before
{Heap before GC invocations=65 (full 0):
 garbage-first heap   total 983040K, used 399360K [0x0000000740000000, 0x0000000800000000)
  region size 2048K, 24 young (49152K), 18 survivors (36864K)
 Metaspace       used 65689K, committed 67520K, reserved 1114112K
  class space    used 9007K, committed 9984K, reserved 1048576K
}
Event: 114.986 GC heap after
{Heap after GC invocations=66 (full 0):
 garbage-first heap   total 983040K, used 392192K [0x0000000740000000, 0x0000000800000000)
  region size 2048K, 3 young (6144K), 3 survivors (6144K)
 Metaspace       used 65689K, committed 67520K, reserved 1114112K
  class space    used 9007K, committed 9984K, reserved 1048576K
}
Event: 115.854 GC heap before
{Heap before GC invocations=66 (full 0):
 garbage-first heap   total 983040K, used 592896K [0x0000000740000000, 0x0000000800000000)
  region size 2048K, 101 young (206848K), 3 survivors (6144K)
 Metaspace       used 65772K, committed 67648K, reserved 1114112K
  class space    used 9016K, committed 9984K, reserved 1048576K
}
Event: 115.914 GC heap after
{Heap after GC invocations=67 (full 0):
 garbage-first heap   total 983040K, used 441344K [0x0000000740000000, 0x0000000800000000)
  region size 2048K, 13 young (26624K), 13 survivors (26624K)
 Metaspace       used 65772K, committed 67648K, reserved 1114112K
  class space    used 9016K, committed 9984K, reserved 1048576K
}

